2025-08-11 14:08:14,697 (31847/MainThread) pgcli.main INFO - Default pager found in PAGER environment variable: "less"
2025-08-11 14:08:14,697 (31847/MainThread) pgcli.main WARNING - import keyring failed: ModuleNotFoundError("No module named 'keyring'").
2025-08-11 14:08:17,909 (31847/MainThread) pgcli.main ERROR - traceback: 'Traceback (most recent call last):\n  File "/opt/homebrew/Cellar/pgcli/4.3.0/libexec/lib/python3.13/site-packages/pgcli/main.py", line 737, in connect\n    pgexecute = PGExecute(\n        database,\n    ...<6 lines>...\n        **kwargs,\n    )\n  File "/opt/homebrew/Cellar/pgcli/4.3.0/libexec/lib/python3.13/site-packages/pgcli/pgexecute.py", line 184, in __init__\n    self.connect(database, user, password, host, port, dsn, **kwargs)\n    ~~~~~~~~~~~~^^^^^^^^^^^^^^^^^^^^^^^^^^^^^^^^^^^^^^^^^^^^^^^^^^^^^\n  File "/opt/homebrew/Cellar/pgcli/4.3.0/libexec/lib/python3.13/site-packages/pgcli/pgexecute.py", line 233, in connect\n    conn = psycopg.connect(conn_info)\n  File "/opt/homebrew/Cellar/pgcli/4.3.0/libexec/lib/python3.13/site-packages/psycopg/connection.py", line 117, in connect\n    raise last_ex.with_traceback(None)\npsycopg.OperationalError: connection failed: connection to server on socket "/tmp/.s.PGSQL.5432" failed: fe_sendauth: no password supplied\n\nDuring handling of the above exception, another exception occurred:\n\nTraceback (most recent call last):\n  File "/opt/homebrew/Cellar/pgcli/4.3.0/libexec/lib/python3.13/site-packages/pgcli/main.py", line 755, in connect\n    pgexecute = PGExecute(\n        database,\n    ...<6 lines>...\n        **kwargs,\n    )\n  File "/opt/homebrew/Cellar/pgcli/4.3.0/libexec/lib/python3.13/site-packages/pgcli/pgexecute.py", line 184, in __init__\n    self.connect(database, user, password, host, port, dsn, **kwargs)\n    ~~~~~~~~~~~~^^^^^^^^^^^^^^^^^^^^^^^^^^^^^^^^^^^^^^^^^^^^^^^^^^^^^\n  File "/opt/homebrew/Cellar/pgcli/4.3.0/libexec/lib/python3.13/site-packages/pgcli/pgexecute.py", line 233, in connect\n    conn = psycopg.connect(conn_info)\n  File "/opt/homebrew/Cellar/pgcli/4.3.0/libexec/lib/python3.13/site-packages/psycopg/connection.py", line 117, in connect\n    raise last_ex.with_traceback(None)\npsycopg.OperationalError: connection failed: connection to server on socket "/tmp/.s.PGSQL.5432" failed: FATAL:  password authentication failed for user "amatyas"\n'
2025-08-11 14:08:22,108 (31912/MainThread) pgcli.main INFO - Default pager found in PAGER environment variable: "less"
2025-08-11 14:08:22,109 (31912/MainThread) pgcli.main WARNING - import keyring failed: ModuleNotFoundError("No module named 'keyring'").
2025-08-11 14:08:27,286 (31912/MainThread) pgcli.main ERROR - traceback: 'Traceback (most recent call last):\n  File "/opt/homebrew/Cellar/pgcli/4.3.0/libexec/lib/python3.13/site-packages/pgcli/main.py", line 737, in connect\n    pgexecute = PGExecute(\n        database,\n    ...<6 lines>...\n        **kwargs,\n    )\n  File "/opt/homebrew/Cellar/pgcli/4.3.0/libexec/lib/python3.13/site-packages/pgcli/pgexecute.py", line 184, in __init__\n    self.connect(database, user, password, host, port, dsn, **kwargs)\n    ~~~~~~~~~~~~^^^^^^^^^^^^^^^^^^^^^^^^^^^^^^^^^^^^^^^^^^^^^^^^^^^^^\n  File "/opt/homebrew/Cellar/pgcli/4.3.0/libexec/lib/python3.13/site-packages/pgcli/pgexecute.py", line 233, in connect\n    conn = psycopg.connect(conn_info)\n  File "/opt/homebrew/Cellar/pgcli/4.3.0/libexec/lib/python3.13/site-packages/psycopg/connection.py", line 117, in connect\n    raise last_ex.with_traceback(None)\npsycopg.OperationalError: connection failed: connection to server on socket "/tmp/.s.PGSQL.5432" failed: fe_sendauth: no password supplied\n\nDuring handling of the above exception, another exception occurred:\n\nTraceback (most recent call last):\n  File "/opt/homebrew/Cellar/pgcli/4.3.0/libexec/lib/python3.13/site-packages/pgcli/main.py", line 755, in connect\n    pgexecute = PGExecute(\n        database,\n    ...<6 lines>...\n        **kwargs,\n    )\n  File "/opt/homebrew/Cellar/pgcli/4.3.0/libexec/lib/python3.13/site-packages/pgcli/pgexecute.py", line 184, in __init__\n    self.connect(database, user, password, host, port, dsn, **kwargs)\n    ~~~~~~~~~~~~^^^^^^^^^^^^^^^^^^^^^^^^^^^^^^^^^^^^^^^^^^^^^^^^^^^^^\n  File "/opt/homebrew/Cellar/pgcli/4.3.0/libexec/lib/python3.13/site-packages/pgcli/pgexecute.py", line 233, in connect\n    conn = psycopg.connect(conn_info)\n  File "/opt/homebrew/Cellar/pgcli/4.3.0/libexec/lib/python3.13/site-packages/psycopg/connection.py", line 117, in connect\n    raise last_ex.with_traceback(None)\npsycopg.OperationalError: connection failed: connection to server on socket "/tmp/.s.PGSQL.5432" failed: FATAL:  password authentication failed for user "amatyas"\n'
